<?xml version="1.0" encoding="UTF-8"?>
<!-- Generated by org.testng.reporters.JUnitReportReporter -->
<testsuite hostname="DESKTOP-B634IQO" name="com.experitest.auto.AndroidDemoTest" tests="1" failures="0" timestamp="3 Jun 2020 03:02:33 GMT" time="25.503" errors="0">
  <testcase name="test" time="25.503" classname="com.experitest.auto.AndroidDemoTest"/>
</testsuite> <!-- com.experitest.auto.AndroidDemoTest -->
