<?xml version="1.0" encoding="UTF-8"?>
<!-- Generated by org.testng.reporters.JUnitReportReporter -->
<testsuite hostname="DESKTOP-B634IQO" name="com.experitest.auto.IOSDemoTest" tests="1" failures="0" timestamp="3 Jun 2020 03:02:33 GMT" time="46.196" errors="0">
  <testcase name="test" time="46.196" classname="com.experitest.auto.IOSDemoTest"/>
</testsuite> <!-- com.experitest.auto.IOSDemoTest -->
